<?xml version="1.0" encoding="UTF-8"?>
<testsuite xmlns:xsi="http://www.w3.org/2001/XMLSchema-instance" xsi:noNamespaceSchemaLocation="https://maven.apache.org/surefire/maven-surefire-plugin/xsd/surefire-test-report.xsd" name="jwttext.JwtTest" time="3.439" tests="1" errors="1" skipped="0" failures="0">
  <properties>
    <property name="sun.desktop" value="windows"/>
    <property name="awt.toolkit" value="sun.awt.windows.WToolkit"/>
    <property name="file.encoding.pkg" value="sun.io"/>
    <property name="java.specification.version" value="1.8"/>
    <property name="sun.cpu.isalist" value="amd64"/>
    <property name="sun.jnu.encoding" value="GBK"/>
    <property name="java.class.path" value="D:\IntelliJ IDEA 2018.3.2\IdeaProjects\tensquare_parent\tensquare_manager\target\test-classes;D:\IntelliJ IDEA 2018.3.2\IdeaProjects\tensquare_parent\tensquare_manager\target\classes;D:\apache-maven-3.6.0\maven_dependcies\org\springframework\cloud\spring-cloud-starter-netflix-eureka-client\2.0.0.RELEASE\spring-cloud-starter-netflix-eureka-client-2.0.0.RELEASE.jar;D:\apache-maven-3.6.0\maven_dependcies\org\springframework\cloud\spring-cloud-starter\2.0.0.RELEASE\spring-cloud-starter-2.0.0.RELEASE.jar;D:\apache-maven-3.6.0\maven_dependcies\org\springframework\cloud\spring-cloud-context\2.0.0.RELEASE\spring-cloud-context-2.0.0.RELEASE.jar;D:\apache-maven-3.6.0\maven_dependcies\org\springframework\security\spring-security-crypto\5.0.4.RELEASE\spring-security-crypto-5.0.4.RELEASE.jar;D:\apache-maven-3.6.0\maven_dependcies\org\springframework\cloud\spring-cloud-commons\2.0.0.RELEASE\spring-cloud-commons-2.0.0.RELEASE.jar;D:\apache-maven-3.6.0\maven_dependcies\org\springframework\security\spring-security-rsa\1.0.5.RELEASE\spring-security-rsa-1.0.5.RELEASE.jar;D:\apache-maven-3.6.0\maven_dependcies\org\bouncycastle\bcpkix-jdk15on\1.56\bcpkix-jdk15on-1.56.jar;D:\apache-maven-3.6.0\maven_dependcies\org\bouncycastle\bcprov-jdk15on\1.56\bcprov-jdk15on-1.56.jar;D:\apache-maven-3.6.0\maven_dependcies\org\springframework\cloud\spring-cloud-netflix-core\2.0.0.RELEASE\spring-cloud-netflix-core-2.0.0.RELEASE.jar;D:\apache-maven-3.6.0\maven_dependcies\org\springframework\boot\spring-boot-autoconfigure\2.0.1.RELEASE\spring-boot-autoconfigure-2.0.1.RELEASE.jar;D:\apache-maven-3.6.0\maven_dependcies\org\springframework\boot\spring-boot-starter-aop\2.0.1.RELEASE\spring-boot-starter-aop-2.0.1.RELEASE.jar;D:\apache-maven-3.6.0\maven_dependcies\org\aspectj\aspectjweaver\1.8.13\aspectjweaver-1.8.13.jar;D:\apache-maven-3.6.0\maven_dependcies\org\springframework\cloud\spring-cloud-netflix-eureka-client\2.0.0.RELEASE\spring-cloud-netflix-eureka-client-2.0.0.RELEASE.jar;D:\apache-maven-3.6.0\maven_dependcies\com\netflix\eureka\eureka-client\1.9.2\eureka-client-1.9.2.jar;D:\apache-maven-3.6.0\maven_dependcies\org\codehaus\jettison\jettison\1.3.7\jettison-1.3.7.jar;D:\apache-maven-3.6.0\maven_dependcies\stax\stax-api\1.0.1\stax-api-1.0.1.jar;D:\apache-maven-3.6.0\maven_dependcies\com\netflix\netflix-commons\netflix-eventbus\0.3.0\netflix-eventbus-0.3.0.jar;D:\apache-maven-3.6.0\maven_dependcies\com\netflix\netflix-commons\netflix-infix\0.3.0\netflix-infix-0.3.0.jar;D:\apache-maven-3.6.0\maven_dependcies\commons-jxpath\commons-jxpath\1.3\commons-jxpath-1.3.jar;D:\apache-maven-3.6.0\maven_dependcies\joda-time\joda-time\2.9.9\joda-time-2.9.9.jar;D:\apache-maven-3.6.0\maven_dependcies\org\antlr\antlr-runtime\3.4\antlr-runtime-3.4.jar;D:\apache-maven-3.6.0\maven_dependcies\org\antlr\stringtemplate\3.2.1\stringtemplate-3.2.1.jar;D:\apache-maven-3.6.0\maven_dependcies\antlr\antlr\2.7.7\antlr-2.7.7.jar;D:\apache-maven-3.6.0\maven_dependcies\com\google\code\gson\gson\2.8.2\gson-2.8.2.jar;D:\apache-maven-3.6.0\maven_dependcies\org\apache\commons\commons-math\2.2\commons-math-2.2.jar;D:\apache-maven-3.6.0\maven_dependcies\com\netflix\archaius\archaius-core\0.7.6\archaius-core-0.7.6.jar;D:\apache-maven-3.6.0\maven_dependcies\com\google\guava\guava\16.0\guava-16.0.jar;D:\apache-maven-3.6.0\maven_dependcies\javax\ws\rs\jsr311-api\1.1.1\jsr311-api-1.1.1.jar;D:\apache-maven-3.6.0\maven_dependcies\com\netflix\servo\servo-core\0.12.21\servo-core-0.12.21.jar;D:\apache-maven-3.6.0\maven_dependcies\com\sun\jersey\jersey-core\1.19.1\jersey-core-1.19.1.jar;D:\apache-maven-3.6.0\maven_dependcies\com\sun\jersey\jersey-client\1.19.1\jersey-client-1.19.1.jar;D:\apache-maven-3.6.0\maven_dependcies\com\sun\jersey\contribs\jersey-apache-client4\1.19.1\jersey-apache-client4-1.19.1.jar;D:\apache-maven-3.6.0\maven_dependcies\org\apache\httpcomponents\httpclient\4.5.5\httpclient-4.5.5.jar;D:\apache-maven-3.6.0\maven_dependcies\org\apache\httpcomponents\httpcore\4.4.9\httpcore-4.4.9.jar;D:\apache-maven-3.6.0\maven_dependcies\commons-codec\commons-codec\1.11\commons-codec-1.11.jar;D:\apache-maven-3.6.0\maven_dependcies\com\google\inject\guice\4.1.0\guice-4.1.0.jar;D:\apache-maven-3.6.0\maven_dependcies\javax\inject\javax.inject\1\javax.inject-1.jar;D:\apache-maven-3.6.0\maven_dependcies\aopalliance\aopalliance\1.0\aopalliance-1.0.jar;D:\apache-maven-3.6.0\maven_dependcies\com\github\vlsi\compactmap\compactmap\1.2.1\compactmap-1.2.1.jar;D:\apache-maven-3.6.0\maven_dependcies\com\github\andrewoma\dexx\dexx-collections\0.2\dexx-collections-0.2.jar;D:\apache-maven-3.6.0\maven_dependcies\com\fasterxml\jackson\core\jackson-annotations\2.9.0\jackson-annotations-2.9.0.jar;D:\apache-maven-3.6.0\maven_dependcies\com\fasterxml\jackson\core\jackson-core\2.9.5\jackson-core-2.9.5.jar;D:\apache-maven-3.6.0\maven_dependcies\com\netflix\eureka\eureka-core\1.9.2\eureka-core-1.9.2.jar;D:\apache-maven-3.6.0\maven_dependcies\org\codehaus\woodstox\woodstox-core-asl\4.4.1\woodstox-core-asl-4.4.1.jar;D:\apache-maven-3.6.0\maven_dependcies\javax\xml\stream\stax-api\1.0-2\stax-api-1.0-2.jar;D:\apache-maven-3.6.0\maven_dependcies\org\codehaus\woodstox\stax2-api\3.1.4\stax2-api-3.1.4.jar;D:\apache-maven-3.6.0\maven_dependcies\org\springframework\cloud\spring-cloud-starter-netflix-archaius\2.0.0.RELEASE\spring-cloud-starter-netflix-archaius-2.0.0.RELEASE.jar;D:\apache-maven-3.6.0\maven_dependcies\org\springframework\cloud\spring-cloud-netflix-ribbon\2.0.0.RELEASE\spring-cloud-netflix-ribbon-2.0.0.RELEASE.jar;D:\apache-maven-3.6.0\maven_dependcies\org\springframework\cloud\spring-cloud-netflix-archaius\2.0.0.RELEASE\spring-cloud-netflix-archaius-2.0.0.RELEASE.jar;D:\apache-maven-3.6.0\maven_dependcies\commons-configuration\commons-configuration\1.8\commons-configuration-1.8.jar;D:\apache-maven-3.6.0\maven_dependcies\commons-lang\commons-lang\2.6\commons-lang-2.6.jar;D:\apache-maven-3.6.0\maven_dependcies\org\springframework\cloud\spring-cloud-starter-netflix-ribbon\2.0.0.RELEASE\spring-cloud-starter-netflix-ribbon-2.0.0.RELEASE.jar;D:\apache-maven-3.6.0\maven_dependcies\com\netflix\ribbon\ribbon\2.2.5\ribbon-2.2.5.jar;D:\apache-maven-3.6.0\maven_dependcies\com\netflix\ribbon\ribbon-transport\2.2.5\ribbon-transport-2.2.5.jar;D:\apache-maven-3.6.0\maven_dependcies\io\reactivex\rxnetty-contexts\0.4.9\rxnetty-contexts-0.4.9.jar;D:\apache-maven-3.6.0\maven_dependcies\io\reactivex\rxnetty-servo\0.4.9\rxnetty-servo-0.4.9.jar;D:\apache-maven-3.6.0\maven_dependcies\io\reactivex\rxnetty\0.4.9\rxnetty-0.4.9.jar;D:\apache-maven-3.6.0\maven_dependcies\io\netty\netty-codec-http\4.1.23.Final\netty-codec-http-4.1.23.Final.jar;D:\apache-maven-3.6.0\maven_dependcies\io\netty\netty-codec\4.1.23.Final\netty-codec-4.1.23.Final.jar;D:\apache-maven-3.6.0\maven_dependcies\io\netty\netty-transport-native-epoll\4.1.23.Final\netty-transport-native-epoll-4.1.23.Final.jar;D:\apache-maven-3.6.0\maven_dependcies\io\netty\netty-common\4.1.23.Final\netty-common-4.1.23.Final.jar;D:\apache-maven-3.6.0\maven_dependcies\io\netty\netty-buffer\4.1.23.Final\netty-buffer-4.1.23.Final.jar;D:\apache-maven-3.6.0\maven_dependcies\io\netty\netty-transport-native-unix-common\4.1.23.Final\netty-transport-native-unix-common-4.1.23.Final.jar;D:\apache-maven-3.6.0\maven_dependcies\io\netty\netty-transport\4.1.23.Final\netty-transport-4.1.23.Final.jar;D:\apache-maven-3.6.0\maven_dependcies\io\netty\netty-resolver\4.1.23.Final\netty-resolver-4.1.23.Final.jar;D:\apache-maven-3.6.0\maven_dependcies\com\netflix\ribbon\ribbon-core\2.2.5\ribbon-core-2.2.5.jar;D:\apache-maven-3.6.0\maven_dependcies\com\netflix\ribbon\ribbon-httpclient\2.2.5\ribbon-httpclient-2.2.5.jar;D:\apache-maven-3.6.0\maven_dependcies\commons-collections\commons-collections\3.2.2\commons-collections-3.2.2.jar;D:\apache-maven-3.6.0\maven_dependcies\com\netflix\ribbon\ribbon-loadbalancer\2.2.5\ribbon-loadbalancer-2.2.5.jar;D:\apache-maven-3.6.0\maven_dependcies\com\netflix\netflix-commons\netflix-statistics\0.1.1\netflix-statistics-0.1.1.jar;D:\apache-maven-3.6.0\maven_dependcies\io\reactivex\rxjava\1.3.8\rxjava-1.3.8.jar;D:\apache-maven-3.6.0\maven_dependcies\com\netflix\ribbon\ribbon-eureka\2.2.5\ribbon-eureka-2.2.5.jar;D:\apache-maven-3.6.0\maven_dependcies\org\slf4j\slf4j-api\1.7.25\slf4j-api-1.7.25.jar;D:\apache-maven-3.6.0\maven_dependcies\com\thoughtworks\xstream\xstream\1.4.10\xstream-1.4.10.jar;D:\apache-maven-3.6.0\maven_dependcies\xmlpull\xmlpull\1.1.3.1\xmlpull-1.1.3.1.jar;D:\apache-maven-3.6.0\maven_dependcies\xpp3\xpp3_min\1.1.4c\xpp3_min-1.1.4c.jar;D:\apache-maven-3.6.0\maven_dependcies\org\springframework\cloud\spring-cloud-starter-netflix-zuul\2.0.0.RELEASE\spring-cloud-starter-netflix-zuul-2.0.0.RELEASE.jar;D:\apache-maven-3.6.0\maven_dependcies\org\springframework\cloud\spring-cloud-netflix-zuul\2.0.0.RELEASE\spring-cloud-netflix-zuul-2.0.0.RELEASE.jar;D:\apache-maven-3.6.0\maven_dependcies\com\netflix\netflix-commons\netflix-commons-util\0.3.0\netflix-commons-util-0.3.0.jar;D:\apache-maven-3.6.0\maven_dependcies\org\springframework\boot\spring-boot-starter-actuator\2.0.1.RELEASE\spring-boot-starter-actuator-2.0.1.RELEASE.jar;D:\apache-maven-3.6.0\maven_dependcies\org\springframework\boot\spring-boot-actuator-autoconfigure\2.0.1.RELEASE\spring-boot-actuator-autoconfigure-2.0.1.RELEASE.jar;D:\apache-maven-3.6.0\maven_dependcies\org\springframework\boot\spring-boot-actuator\2.0.1.RELEASE\spring-boot-actuator-2.0.1.RELEASE.jar;D:\apache-maven-3.6.0\maven_dependcies\io\micrometer\micrometer-core\1.0.3\micrometer-core-1.0.3.jar;D:\apache-maven-3.6.0\maven_dependcies\org\hdrhistogram\HdrHistogram\2.1.10\HdrHistogram-2.1.10.jar;D:\apache-maven-3.6.0\maven_dependcies\org\latencyutils\LatencyUtils\2.0.3\LatencyUtils-2.0.3.jar;D:\apache-maven-3.6.0\maven_dependcies\org\springframework\cloud\spring-cloud-starter-netflix-hystrix\2.0.0.RELEASE\spring-cloud-starter-netflix-hystrix-2.0.0.RELEASE.jar;D:\apache-maven-3.6.0\maven_dependcies\com\netflix\hystrix\hystrix-core\1.5.12\hystrix-core-1.5.12.jar;D:\apache-maven-3.6.0\maven_dependcies\com\netflix\hystrix\hystrix-serialization\1.5.12\hystrix-serialization-1.5.12.jar;D:\apache-maven-3.6.0\maven_dependcies\com\fasterxml\jackson\module\jackson-module-afterburner\2.9.5\jackson-module-afterburner-2.9.5.jar;D:\apache-maven-3.6.0\maven_dependcies\com\netflix\hystrix\hystrix-metrics-event-stream\1.5.12\hystrix-metrics-event-stream-1.5.12.jar;D:\apache-maven-3.6.0\maven_dependcies\com\netflix\hystrix\hystrix-javanica\1.5.12\hystrix-javanica-1.5.12.jar;D:\apache-maven-3.6.0\maven_dependcies\org\apache\commons\commons-lang3\3.7\commons-lang3-3.7.jar;D:\apache-maven-3.6.0\maven_dependcies\org\ow2\asm\asm\5.0.4\asm-5.0.4.jar;D:\apache-maven-3.6.0\maven_dependcies\io\reactivex\rxjava-reactive-streams\1.2.1\rxjava-reactive-streams-1.2.1.jar;D:\apache-maven-3.6.0\maven_dependcies\org\reactivestreams\reactive-streams\1.0.2\reactive-streams-1.0.2.jar;D:\apache-maven-3.6.0\maven_dependcies\com\netflix\zuul\zuul-core\1.3.1\zuul-core-1.3.1.jar;D:\apache-maven-3.6.0\maven_dependcies\commons-io\commons-io\2.4\commons-io-2.4.jar;D:\IntelliJ IDEA 2018.3.2\IdeaProjects\tensquare_parent\tensquare_common\target\tensquare_common-1.0-SNAPSHOT.jar;D:\apache-maven-3.6.0\maven_dependcies\io\jsonwebtoken\jjwt\0.6.0\jjwt-0.6.0.jar;D:\apache-maven-3.6.0\maven_dependcies\org\springframework\cloud\spring-cloud-starter-config\2.0.0.RELEASE\spring-cloud-starter-config-2.0.0.RELEASE.jar;D:\apache-maven-3.6.0\maven_dependcies\org\springframework\cloud\spring-cloud-config-client\2.0.0.RELEASE\spring-cloud-config-client-2.0.0.RELEASE.jar;D:\apache-maven-3.6.0\maven_dependcies\com\fasterxml\jackson\core\jackson-databind\2.9.5\jackson-databind-2.9.5.jar;D:\apache-maven-3.6.0\maven_dependcies\org\springframework\boot\spring-boot-starter-web\2.0.1.RELEASE\spring-boot-starter-web-2.0.1.RELEASE.jar;D:\apache-maven-3.6.0\maven_dependcies\org\springframework\boot\spring-boot-starter\2.0.1.RELEASE\spring-boot-starter-2.0.1.RELEASE.jar;D:\apache-maven-3.6.0\maven_dependcies\org\springframework\boot\spring-boot\2.0.1.RELEASE\spring-boot-2.0.1.RELEASE.jar;D:\apache-maven-3.6.0\maven_dependcies\org\springframework\boot\spring-boot-starter-logging\2.0.1.RELEASE\spring-boot-starter-logging-2.0.1.RELEASE.jar;D:\apache-maven-3.6.0\maven_dependcies\ch\qos\logback\logback-classic\1.2.3\logback-classic-1.2.3.jar;D:\apache-maven-3.6.0\maven_dependcies\ch\qos\logback\logback-core\1.2.3\logback-core-1.2.3.jar;D:\apache-maven-3.6.0\maven_dependcies\org\apache\logging\log4j\log4j-to-slf4j\2.10.0\log4j-to-slf4j-2.10.0.jar;D:\apache-maven-3.6.0\maven_dependcies\org\apache\logging\log4j\log4j-api\2.10.0\log4j-api-2.10.0.jar;D:\apache-maven-3.6.0\maven_dependcies\org\slf4j\jul-to-slf4j\1.7.25\jul-to-slf4j-1.7.25.jar;D:\apache-maven-3.6.0\maven_dependcies\javax\annotation\javax.annotation-api\1.3.2\javax.annotation-api-1.3.2.jar;D:\apache-maven-3.6.0\maven_dependcies\org\yaml\snakeyaml\1.19\snakeyaml-1.19.jar;D:\apache-maven-3.6.0\maven_dependcies\org\springframework\boot\spring-boot-starter-json\2.0.1.RELEASE\spring-boot-starter-json-2.0.1.RELEASE.jar;D:\apache-maven-3.6.0\maven_dependcies\com\fasterxml\jackson\datatype\jackson-datatype-jdk8\2.9.5\jackson-datatype-jdk8-2.9.5.jar;D:\apache-maven-3.6.0\maven_dependcies\com\fasterxml\jackson\datatype\jackson-datatype-jsr310\2.9.5\jackson-datatype-jsr310-2.9.5.jar;D:\apache-maven-3.6.0\maven_dependcies\com\fasterxml\jackson\module\jackson-module-parameter-names\2.9.5\jackson-module-parameter-names-2.9.5.jar;D:\apache-maven-3.6.0\maven_dependcies\org\springframework\boot\spring-boot-starter-tomcat\2.0.1.RELEASE\spring-boot-starter-tomcat-2.0.1.RELEASE.jar;D:\apache-maven-3.6.0\maven_dependcies\org\apache\tomcat\embed\tomcat-embed-core\8.5.29\tomcat-embed-core-8.5.29.jar;D:\apache-maven-3.6.0\maven_dependcies\org\apache\tomcat\embed\tomcat-embed-el\8.5.29\tomcat-embed-el-8.5.29.jar;D:\apache-maven-3.6.0\maven_dependcies\org\apache\tomcat\embed\tomcat-embed-websocket\8.5.29\tomcat-embed-websocket-8.5.29.jar;D:\apache-maven-3.6.0\maven_dependcies\org\hibernate\validator\hibernate-validator\6.0.9.Final\hibernate-validator-6.0.9.Final.jar;D:\apache-maven-3.6.0\maven_dependcies\javax\validation\validation-api\2.0.1.Final\validation-api-2.0.1.Final.jar;D:\apache-maven-3.6.0\maven_dependcies\org\jboss\logging\jboss-logging\3.3.2.Final\jboss-logging-3.3.2.Final.jar;D:\apache-maven-3.6.0\maven_dependcies\com\fasterxml\classmate\1.3.4\classmate-1.3.4.jar;D:\apache-maven-3.6.0\maven_dependcies\org\springframework\spring-web\5.0.5.RELEASE\spring-web-5.0.5.RELEASE.jar;D:\apache-maven-3.6.0\maven_dependcies\org\springframework\spring-beans\5.0.5.RELEASE\spring-beans-5.0.5.RELEASE.jar;D:\apache-maven-3.6.0\maven_dependcies\org\springframework\spring-webmvc\5.0.5.RELEASE\spring-webmvc-5.0.5.RELEASE.jar;D:\apache-maven-3.6.0\maven_dependcies\org\springframework\spring-aop\5.0.5.RELEASE\spring-aop-5.0.5.RELEASE.jar;D:\apache-maven-3.6.0\maven_dependcies\org\springframework\spring-context\5.0.5.RELEASE\spring-context-5.0.5.RELEASE.jar;D:\apache-maven-3.6.0\maven_dependcies\org\springframework\spring-expression\5.0.5.RELEASE\spring-expression-5.0.5.RELEASE.jar;D:\apache-maven-3.6.0\maven_dependcies\org\springframework\boot\spring-boot-starter-test\2.0.1.RELEASE\spring-boot-starter-test-2.0.1.RELEASE.jar;D:\apache-maven-3.6.0\maven_dependcies\org\springframework\boot\spring-boot-test\2.0.1.RELEASE\spring-boot-test-2.0.1.RELEASE.jar;D:\apache-maven-3.6.0\maven_dependcies\org\springframework\boot\spring-boot-test-autoconfigure\2.0.1.RELEASE\spring-boot-test-autoconfigure-2.0.1.RELEASE.jar;D:\apache-maven-3.6.0\maven_dependcies\com\jayway\jsonpath\json-path\2.4.0\json-path-2.4.0.jar;D:\apache-maven-3.6.0\maven_dependcies\net\minidev\json-smart\2.3\json-smart-2.3.jar;D:\apache-maven-3.6.0\maven_dependcies\net\minidev\accessors-smart\1.2\accessors-smart-1.2.jar;D:\apache-maven-3.6.0\maven_dependcies\junit\junit\4.12\junit-4.12.jar;D:\apache-maven-3.6.0\maven_dependcies\org\assertj\assertj-core\3.9.1\assertj-core-3.9.1.jar;D:\apache-maven-3.6.0\maven_dependcies\org\mockito\mockito-core\2.15.0\mockito-core-2.15.0.jar;D:\apache-maven-3.6.0\maven_dependcies\net\bytebuddy\byte-buddy\1.7.11\byte-buddy-1.7.11.jar;D:\apache-maven-3.6.0\maven_dependcies\net\bytebuddy\byte-buddy-agent\1.7.11\byte-buddy-agent-1.7.11.jar;D:\apache-maven-3.6.0\maven_dependcies\org\objenesis\objenesis\2.6\objenesis-2.6.jar;D:\apache-maven-3.6.0\maven_dependcies\org\hamcrest\hamcrest-core\1.3\hamcrest-core-1.3.jar;D:\apache-maven-3.6.0\maven_dependcies\org\hamcrest\hamcrest-library\1.3\hamcrest-library-1.3.jar;D:\apache-maven-3.6.0\maven_dependcies\org\skyscreamer\jsonassert\1.5.0\jsonassert-1.5.0.jar;D:\apache-maven-3.6.0\maven_dependcies\com\vaadin\external\google\android-json\0.0.20131108.vaadin1\android-json-0.0.20131108.vaadin1.jar;D:\apache-maven-3.6.0\maven_dependcies\org\springframework\spring-core\5.0.5.RELEASE\spring-core-5.0.5.RELEASE.jar;D:\apache-maven-3.6.0\maven_dependcies\org\springframework\spring-jcl\5.0.5.RELEASE\spring-jcl-5.0.5.RELEASE.jar;D:\apache-maven-3.6.0\maven_dependcies\org\springframework\spring-test\5.0.5.RELEASE\spring-test-5.0.5.RELEASE.jar;D:\apache-maven-3.6.0\maven_dependcies\org\xmlunit\xmlunit-core\2.5.1\xmlunit-core-2.5.1.jar;"/>
    <property name="java.vm.vendor" value="Oracle Corporation"/>
    <property name="sun.arch.data.model" value="64"/>
    <property name="user.variant" value=""/>
    <property name="java.vendor.url" value="http://java.oracle.com/"/>
    <property name="user.timezone" value=""/>
    <property name="java.vm.specification.version" value="1.8"/>
    <property name="os.name" value="Windows 10"/>
    <property name="user.country" value="CN"/>
    <property name="sun.java.launcher" value="SUN_STANDARD"/>
    <property name="sun.boot.library.path" value="C:\Program Files\Java\jdk1.8.0_191\jre\bin"/>
    <property name="sun.java.command" value="C:\Users\lenovo\AppData\Local\Temp\surefire9077734251493546806\surefirebooter8501557580914607682.jar C:\Users\lenovo\AppData\Local\Temp\surefire9077734251493546806 2019-03-13T15-32-19_880-jvmRun1 surefire1008274069407139487tmp surefire_18500128202916718942tmp"/>
    <property name="surefire.test.class.path" value="D:\IntelliJ IDEA 2018.3.2\IdeaProjects\tensquare_parent\tensquare_manager\target\test-classes;D:\IntelliJ IDEA 2018.3.2\IdeaProjects\tensquare_parent\tensquare_manager\target\classes;D:\apache-maven-3.6.0\maven_dependcies\org\springframework\cloud\spring-cloud-starter-netflix-eureka-client\2.0.0.RELEASE\spring-cloud-starter-netflix-eureka-client-2.0.0.RELEASE.jar;D:\apache-maven-3.6.0\maven_dependcies\org\springframework\cloud\spring-cloud-starter\2.0.0.RELEASE\spring-cloud-starter-2.0.0.RELEASE.jar;D:\apache-maven-3.6.0\maven_dependcies\org\springframework\cloud\spring-cloud-context\2.0.0.RELEASE\spring-cloud-context-2.0.0.RELEASE.jar;D:\apache-maven-3.6.0\maven_dependcies\org\springframework\security\spring-security-crypto\5.0.4.RELEASE\spring-security-crypto-5.0.4.RELEASE.jar;D:\apache-maven-3.6.0\maven_dependcies\org\springframework\cloud\spring-cloud-commons\2.0.0.RELEASE\spring-cloud-commons-2.0.0.RELEASE.jar;D:\apache-maven-3.6.0\maven_dependcies\org\springframework\security\spring-security-rsa\1.0.5.RELEASE\spring-security-rsa-1.0.5.RELEASE.jar;D:\apache-maven-3.6.0\maven_dependcies\org\bouncycastle\bcpkix-jdk15on\1.56\bcpkix-jdk15on-1.56.jar;D:\apache-maven-3.6.0\maven_dependcies\org\bouncycastle\bcprov-jdk15on\1.56\bcprov-jdk15on-1.56.jar;D:\apache-maven-3.6.0\maven_dependcies\org\springframework\cloud\spring-cloud-netflix-core\2.0.0.RELEASE\spring-cloud-netflix-core-2.0.0.RELEASE.jar;D:\apache-maven-3.6.0\maven_dependcies\org\springframework\boot\spring-boot-autoconfigure\2.0.1.RELEASE\spring-boot-autoconfigure-2.0.1.RELEASE.jar;D:\apache-maven-3.6.0\maven_dependcies\org\springframework\boot\spring-boot-starter-aop\2.0.1.RELEASE\spring-boot-starter-aop-2.0.1.RELEASE.jar;D:\apache-maven-3.6.0\maven_dependcies\org\aspectj\aspectjweaver\1.8.13\aspectjweaver-1.8.13.jar;D:\apache-maven-3.6.0\maven_dependcies\org\springframework\cloud\spring-cloud-netflix-eureka-client\2.0.0.RELEASE\spring-cloud-netflix-eureka-client-2.0.0.RELEASE.jar;D:\apache-maven-3.6.0\maven_dependcies\com\netflix\eureka\eureka-client\1.9.2\eureka-client-1.9.2.jar;D:\apache-maven-3.6.0\maven_dependcies\org\codehaus\jettison\jettison\1.3.7\jettison-1.3.7.jar;D:\apache-maven-3.6.0\maven_dependcies\stax\stax-api\1.0.1\stax-api-1.0.1.jar;D:\apache-maven-3.6.0\maven_dependcies\com\netflix\netflix-commons\netflix-eventbus\0.3.0\netflix-eventbus-0.3.0.jar;D:\apache-maven-3.6.0\maven_dependcies\com\netflix\netflix-commons\netflix-infix\0.3.0\netflix-infix-0.3.0.jar;D:\apache-maven-3.6.0\maven_dependcies\commons-jxpath\commons-jxpath\1.3\commons-jxpath-1.3.jar;D:\apache-maven-3.6.0\maven_dependcies\joda-time\joda-time\2.9.9\joda-time-2.9.9.jar;D:\apache-maven-3.6.0\maven_dependcies\org\antlr\antlr-runtime\3.4\antlr-runtime-3.4.jar;D:\apache-maven-3.6.0\maven_dependcies\org\antlr\stringtemplate\3.2.1\stringtemplate-3.2.1.jar;D:\apache-maven-3.6.0\maven_dependcies\antlr\antlr\2.7.7\antlr-2.7.7.jar;D:\apache-maven-3.6.0\maven_dependcies\com\google\code\gson\gson\2.8.2\gson-2.8.2.jar;D:\apache-maven-3.6.0\maven_dependcies\org\apache\commons\commons-math\2.2\commons-math-2.2.jar;D:\apache-maven-3.6.0\maven_dependcies\com\netflix\archaius\archaius-core\0.7.6\archaius-core-0.7.6.jar;D:\apache-maven-3.6.0\maven_dependcies\com\google\guava\guava\16.0\guava-16.0.jar;D:\apache-maven-3.6.0\maven_dependcies\javax\ws\rs\jsr311-api\1.1.1\jsr311-api-1.1.1.jar;D:\apache-maven-3.6.0\maven_dependcies\com\netflix\servo\servo-core\0.12.21\servo-core-0.12.21.jar;D:\apache-maven-3.6.0\maven_dependcies\com\sun\jersey\jersey-core\1.19.1\jersey-core-1.19.1.jar;D:\apache-maven-3.6.0\maven_dependcies\com\sun\jersey\jersey-client\1.19.1\jersey-client-1.19.1.jar;D:\apache-maven-3.6.0\maven_dependcies\com\sun\jersey\contribs\jersey-apache-client4\1.19.1\jersey-apache-client4-1.19.1.jar;D:\apache-maven-3.6.0\maven_dependcies\org\apache\httpcomponents\httpclient\4.5.5\httpclient-4.5.5.jar;D:\apache-maven-3.6.0\maven_dependcies\org\apache\httpcomponents\httpcore\4.4.9\httpcore-4.4.9.jar;D:\apache-maven-3.6.0\maven_dependcies\commons-codec\commons-codec\1.11\commons-codec-1.11.jar;D:\apache-maven-3.6.0\maven_dependcies\com\google\inject\guice\4.1.0\guice-4.1.0.jar;D:\apache-maven-3.6.0\maven_dependcies\javax\inject\javax.inject\1\javax.inject-1.jar;D:\apache-maven-3.6.0\maven_dependcies\aopalliance\aopalliance\1.0\aopalliance-1.0.jar;D:\apache-maven-3.6.0\maven_dependcies\com\github\vlsi\compactmap\compactmap\1.2.1\compactmap-1.2.1.jar;D:\apache-maven-3.6.0\maven_dependcies\com\github\andrewoma\dexx\dexx-collections\0.2\dexx-collections-0.2.jar;D:\apache-maven-3.6.0\maven_dependcies\com\fasterxml\jackson\core\jackson-annotations\2.9.0\jackson-annotations-2.9.0.jar;D:\apache-maven-3.6.0\maven_dependcies\com\fasterxml\jackson\core\jackson-core\2.9.5\jackson-core-2.9.5.jar;D:\apache-maven-3.6.0\maven_dependcies\com\netflix\eureka\eureka-core\1.9.2\eureka-core-1.9.2.jar;D:\apache-maven-3.6.0\maven_dependcies\org\codehaus\woodstox\woodstox-core-asl\4.4.1\woodstox-core-asl-4.4.1.jar;D:\apache-maven-3.6.0\maven_dependcies\javax\xml\stream\stax-api\1.0-2\stax-api-1.0-2.jar;D:\apache-maven-3.6.0\maven_dependcies\org\codehaus\woodstox\stax2-api\3.1.4\stax2-api-3.1.4.jar;D:\apache-maven-3.6.0\maven_dependcies\org\springframework\cloud\spring-cloud-starter-netflix-archaius\2.0.0.RELEASE\spring-cloud-starter-netflix-archaius-2.0.0.RELEASE.jar;D:\apache-maven-3.6.0\maven_dependcies\org\springframework\cloud\spring-cloud-netflix-ribbon\2.0.0.RELEASE\spring-cloud-netflix-ribbon-2.0.0.RELEASE.jar;D:\apache-maven-3.6.0\maven_dependcies\org\springframework\cloud\spring-cloud-netflix-archaius\2.0.0.RELEASE\spring-cloud-netflix-archaius-2.0.0.RELEASE.jar;D:\apache-maven-3.6.0\maven_dependcies\commons-configuration\commons-configuration\1.8\commons-configuration-1.8.jar;D:\apache-maven-3.6.0\maven_dependcies\commons-lang\commons-lang\2.6\commons-lang-2.6.jar;D:\apache-maven-3.6.0\maven_dependcies\org\springframework\cloud\spring-cloud-starter-netflix-ribbon\2.0.0.RELEASE\spring-cloud-starter-netflix-ribbon-2.0.0.RELEASE.jar;D:\apache-maven-3.6.0\maven_dependcies\com\netflix\ribbon\ribbon\2.2.5\ribbon-2.2.5.jar;D:\apache-maven-3.6.0\maven_dependcies\com\netflix\ribbon\ribbon-transport\2.2.5\ribbon-transport-2.2.5.jar;D:\apache-maven-3.6.0\maven_dependcies\io\reactivex\rxnetty-contexts\0.4.9\rxnetty-contexts-0.4.9.jar;D:\apache-maven-3.6.0\maven_dependcies\io\reactivex\rxnetty-servo\0.4.9\rxnetty-servo-0.4.9.jar;D:\apache-maven-3.6.0\maven_dependcies\io\reactivex\rxnetty\0.4.9\rxnetty-0.4.9.jar;D:\apache-maven-3.6.0\maven_dependcies\io\netty\netty-codec-http\4.1.23.Final\netty-codec-http-4.1.23.Final.jar;D:\apache-maven-3.6.0\maven_dependcies\io\netty\netty-codec\4.1.23.Final\netty-codec-4.1.23.Final.jar;D:\apache-maven-3.6.0\maven_dependcies\io\netty\netty-transport-native-epoll\4.1.23.Final\netty-transport-native-epoll-4.1.23.Final.jar;D:\apache-maven-3.6.0\maven_dependcies\io\netty\netty-common\4.1.23.Final\netty-common-4.1.23.Final.jar;D:\apache-maven-3.6.0\maven_dependcies\io\netty\netty-buffer\4.1.23.Final\netty-buffer-4.1.23.Final.jar;D:\apache-maven-3.6.0\maven_dependcies\io\netty\netty-transport-native-unix-common\4.1.23.Final\netty-transport-native-unix-common-4.1.23.Final.jar;D:\apache-maven-3.6.0\maven_dependcies\io\netty\netty-transport\4.1.23.Final\netty-transport-4.1.23.Final.jar;D:\apache-maven-3.6.0\maven_dependcies\io\netty\netty-resolver\4.1.23.Final\netty-resolver-4.1.23.Final.jar;D:\apache-maven-3.6.0\maven_dependcies\com\netflix\ribbon\ribbon-core\2.2.5\ribbon-core-2.2.5.jar;D:\apache-maven-3.6.0\maven_dependcies\com\netflix\ribbon\ribbon-httpclient\2.2.5\ribbon-httpclient-2.2.5.jar;D:\apache-maven-3.6.0\maven_dependcies\commons-collections\commons-collections\3.2.2\commons-collections-3.2.2.jar;D:\apache-maven-3.6.0\maven_dependcies\com\netflix\ribbon\ribbon-loadbalancer\2.2.5\ribbon-loadbalancer-2.2.5.jar;D:\apache-maven-3.6.0\maven_dependcies\com\netflix\netflix-commons\netflix-statistics\0.1.1\netflix-statistics-0.1.1.jar;D:\apache-maven-3.6.0\maven_dependcies\io\reactivex\rxjava\1.3.8\rxjava-1.3.8.jar;D:\apache-maven-3.6.0\maven_dependcies\com\netflix\ribbon\ribbon-eureka\2.2.5\ribbon-eureka-2.2.5.jar;D:\apache-maven-3.6.0\maven_dependcies\org\slf4j\slf4j-api\1.7.25\slf4j-api-1.7.25.jar;D:\apache-maven-3.6.0\maven_dependcies\com\thoughtworks\xstream\xstream\1.4.10\xstream-1.4.10.jar;D:\apache-maven-3.6.0\maven_dependcies\xmlpull\xmlpull\1.1.3.1\xmlpull-1.1.3.1.jar;D:\apache-maven-3.6.0\maven_dependcies\xpp3\xpp3_min\1.1.4c\xpp3_min-1.1.4c.jar;D:\apache-maven-3.6.0\maven_dependcies\org\springframework\cloud\spring-cloud-starter-netflix-zuul\2.0.0.RELEASE\spring-cloud-starter-netflix-zuul-2.0.0.RELEASE.jar;D:\apache-maven-3.6.0\maven_dependcies\org\springframework\cloud\spring-cloud-netflix-zuul\2.0.0.RELEASE\spring-cloud-netflix-zuul-2.0.0.RELEASE.jar;D:\apache-maven-3.6.0\maven_dependcies\com\netflix\netflix-commons\netflix-commons-util\0.3.0\netflix-commons-util-0.3.0.jar;D:\apache-maven-3.6.0\maven_dependcies\org\springframework\boot\spring-boot-starter-actuator\2.0.1.RELEASE\spring-boot-starter-actuator-2.0.1.RELEASE.jar;D:\apache-maven-3.6.0\maven_dependcies\org\springframework\boot\spring-boot-actuator-autoconfigure\2.0.1.RELEASE\spring-boot-actuator-autoconfigure-2.0.1.RELEASE.jar;D:\apache-maven-3.6.0\maven_dependcies\org\springframework\boot\spring-boot-actuator\2.0.1.RELEASE\spring-boot-actuator-2.0.1.RELEASE.jar;D:\apache-maven-3.6.0\maven_dependcies\io\micrometer\micrometer-core\1.0.3\micrometer-core-1.0.3.jar;D:\apache-maven-3.6.0\maven_dependcies\org\hdrhistogram\HdrHistogram\2.1.10\HdrHistogram-2.1.10.jar;D:\apache-maven-3.6.0\maven_dependcies\org\latencyutils\LatencyUtils\2.0.3\LatencyUtils-2.0.3.jar;D:\apache-maven-3.6.0\maven_dependcies\org\springframework\cloud\spring-cloud-starter-netflix-hystrix\2.0.0.RELEASE\spring-cloud-starter-netflix-hystrix-2.0.0.RELEASE.jar;D:\apache-maven-3.6.0\maven_dependcies\com\netflix\hystrix\hystrix-core\1.5.12\hystrix-core-1.5.12.jar;D:\apache-maven-3.6.0\maven_dependcies\com\netflix\hystrix\hystrix-serialization\1.5.12\hystrix-serialization-1.5.12.jar;D:\apache-maven-3.6.0\maven_dependcies\com\fasterxml\jackson\module\jackson-module-afterburner\2.9.5\jackson-module-afterburner-2.9.5.jar;D:\apache-maven-3.6.0\maven_dependcies\com\netflix\hystrix\hystrix-metrics-event-stream\1.5.12\hystrix-metrics-event-stream-1.5.12.jar;D:\apache-maven-3.6.0\maven_dependcies\com\netflix\hystrix\hystrix-javanica\1.5.12\hystrix-javanica-1.5.12.jar;D:\apache-maven-3.6.0\maven_dependcies\org\apache\commons\commons-lang3\3.7\commons-lang3-3.7.jar;D:\apache-maven-3.6.0\maven_dependcies\org\ow2\asm\asm\5.0.4\asm-5.0.4.jar;D:\apache-maven-3.6.0\maven_dependcies\io\reactivex\rxjava-reactive-streams\1.2.1\rxjava-reactive-streams-1.2.1.jar;D:\apache-maven-3.6.0\maven_dependcies\org\reactivestreams\reactive-streams\1.0.2\reactive-streams-1.0.2.jar;D:\apache-maven-3.6.0\maven_dependcies\com\netflix\zuul\zuul-core\1.3.1\zuul-core-1.3.1.jar;D:\apache-maven-3.6.0\maven_dependcies\commons-io\commons-io\2.4\commons-io-2.4.jar;D:\IntelliJ IDEA 2018.3.2\IdeaProjects\tensquare_parent\tensquare_common\target\tensquare_common-1.0-SNAPSHOT.jar;D:\apache-maven-3.6.0\maven_dependcies\io\jsonwebtoken\jjwt\0.6.0\jjwt-0.6.0.jar;D:\apache-maven-3.6.0\maven_dependcies\org\springframework\cloud\spring-cloud-starter-config\2.0.0.RELEASE\spring-cloud-starter-config-2.0.0.RELEASE.jar;D:\apache-maven-3.6.0\maven_dependcies\org\springframework\cloud\spring-cloud-config-client\2.0.0.RELEASE\spring-cloud-config-client-2.0.0.RELEASE.jar;D:\apache-maven-3.6.0\maven_dependcies\com\fasterxml\jackson\core\jackson-databind\2.9.5\jackson-databind-2.9.5.jar;D:\apache-maven-3.6.0\maven_dependcies\org\springframework\boot\spring-boot-starter-web\2.0.1.RELEASE\spring-boot-starter-web-2.0.1.RELEASE.jar;D:\apache-maven-3.6.0\maven_dependcies\org\springframework\boot\spring-boot-starter\2.0.1.RELEASE\spring-boot-starter-2.0.1.RELEASE.jar;D:\apache-maven-3.6.0\maven_dependcies\org\springframework\boot\spring-boot\2.0.1.RELEASE\spring-boot-2.0.1.RELEASE.jar;D:\apache-maven-3.6.0\maven_dependcies\org\springframework\boot\spring-boot-starter-logging\2.0.1.RELEASE\spring-boot-starter-logging-2.0.1.RELEASE.jar;D:\apache-maven-3.6.0\maven_dependcies\ch\qos\logback\logback-classic\1.2.3\logback-classic-1.2.3.jar;D:\apache-maven-3.6.0\maven_dependcies\ch\qos\logback\logback-core\1.2.3\logback-core-1.2.3.jar;D:\apache-maven-3.6.0\maven_dependcies\org\apache\logging\log4j\log4j-to-slf4j\2.10.0\log4j-to-slf4j-2.10.0.jar;D:\apache-maven-3.6.0\maven_dependcies\org\apache\logging\log4j\log4j-api\2.10.0\log4j-api-2.10.0.jar;D:\apache-maven-3.6.0\maven_dependcies\org\slf4j\jul-to-slf4j\1.7.25\jul-to-slf4j-1.7.25.jar;D:\apache-maven-3.6.0\maven_dependcies\javax\annotation\javax.annotation-api\1.3.2\javax.annotation-api-1.3.2.jar;D:\apache-maven-3.6.0\maven_dependcies\org\yaml\snakeyaml\1.19\snakeyaml-1.19.jar;D:\apache-maven-3.6.0\maven_dependcies\org\springframework\boot\spring-boot-starter-json\2.0.1.RELEASE\spring-boot-starter-json-2.0.1.RELEASE.jar;D:\apache-maven-3.6.0\maven_dependcies\com\fasterxml\jackson\datatype\jackson-datatype-jdk8\2.9.5\jackson-datatype-jdk8-2.9.5.jar;D:\apache-maven-3.6.0\maven_dependcies\com\fasterxml\jackson\datatype\jackson-datatype-jsr310\2.9.5\jackson-datatype-jsr310-2.9.5.jar;D:\apache-maven-3.6.0\maven_dependcies\com\fasterxml\jackson\module\jackson-module-parameter-names\2.9.5\jackson-module-parameter-names-2.9.5.jar;D:\apache-maven-3.6.0\maven_dependcies\org\springframework\boot\spring-boot-starter-tomcat\2.0.1.RELEASE\spring-boot-starter-tomcat-2.0.1.RELEASE.jar;D:\apache-maven-3.6.0\maven_dependcies\org\apache\tomcat\embed\tomcat-embed-core\8.5.29\tomcat-embed-core-8.5.29.jar;D:\apache-maven-3.6.0\maven_dependcies\org\apache\tomcat\embed\tomcat-embed-el\8.5.29\tomcat-embed-el-8.5.29.jar;D:\apache-maven-3.6.0\maven_dependcies\org\apache\tomcat\embed\tomcat-embed-websocket\8.5.29\tomcat-embed-websocket-8.5.29.jar;D:\apache-maven-3.6.0\maven_dependcies\org\hibernate\validator\hibernate-validator\6.0.9.Final\hibernate-validator-6.0.9.Final.jar;D:\apache-maven-3.6.0\maven_dependcies\javax\validation\validation-api\2.0.1.Final\validation-api-2.0.1.Final.jar;D:\apache-maven-3.6.0\maven_dependcies\org\jboss\logging\jboss-logging\3.3.2.Final\jboss-logging-3.3.2.Final.jar;D:\apache-maven-3.6.0\maven_dependcies\com\fasterxml\classmate\1.3.4\classmate-1.3.4.jar;D:\apache-maven-3.6.0\maven_dependcies\org\springframework\spring-web\5.0.5.RELEASE\spring-web-5.0.5.RELEASE.jar;D:\apache-maven-3.6.0\maven_dependcies\org\springframework\spring-beans\5.0.5.RELEASE\spring-beans-5.0.5.RELEASE.jar;D:\apache-maven-3.6.0\maven_dependcies\org\springframework\spring-webmvc\5.0.5.RELEASE\spring-webmvc-5.0.5.RELEASE.jar;D:\apache-maven-3.6.0\maven_dependcies\org\springframework\spring-aop\5.0.5.RELEASE\spring-aop-5.0.5.RELEASE.jar;D:\apache-maven-3.6.0\maven_dependcies\org\springframework\spring-context\5.0.5.RELEASE\spring-context-5.0.5.RELEASE.jar;D:\apache-maven-3.6.0\maven_dependcies\org\springframework\spring-expression\5.0.5.RELEASE\spring-expression-5.0.5.RELEASE.jar;D:\apache-maven-3.6.0\maven_dependcies\org\springframework\boot\spring-boot-starter-test\2.0.1.RELEASE\spring-boot-starter-test-2.0.1.RELEASE.jar;D:\apache-maven-3.6.0\maven_dependcies\org\springframework\boot\spring-boot-test\2.0.1.RELEASE\spring-boot-test-2.0.1.RELEASE.jar;D:\apache-maven-3.6.0\maven_dependcies\org\springframework\boot\spring-boot-test-autoconfigure\2.0.1.RELEASE\spring-boot-test-autoconfigure-2.0.1.RELEASE.jar;D:\apache-maven-3.6.0\maven_dependcies\com\jayway\jsonpath\json-path\2.4.0\json-path-2.4.0.jar;D:\apache-maven-3.6.0\maven_dependcies\net\minidev\json-smart\2.3\json-smart-2.3.jar;D:\apache-maven-3.6.0\maven_dependcies\net\minidev\accessors-smart\1.2\accessors-smart-1.2.jar;D:\apache-maven-3.6.0\maven_dependcies\junit\junit\4.12\junit-4.12.jar;D:\apache-maven-3.6.0\maven_dependcies\org\assertj\assertj-core\3.9.1\assertj-core-3.9.1.jar;D:\apache-maven-3.6.0\maven_dependcies\org\mockito\mockito-core\2.15.0\mockito-core-2.15.0.jar;D:\apache-maven-3.6.0\maven_dependcies\net\bytebuddy\byte-buddy\1.7.11\byte-buddy-1.7.11.jar;D:\apache-maven-3.6.0\maven_dependcies\net\bytebuddy\byte-buddy-agent\1.7.11\byte-buddy-agent-1.7.11.jar;D:\apache-maven-3.6.0\maven_dependcies\org\objenesis\objenesis\2.6\objenesis-2.6.jar;D:\apache-maven-3.6.0\maven_dependcies\org\hamcrest\hamcrest-core\1.3\hamcrest-core-1.3.jar;D:\apache-maven-3.6.0\maven_dependcies\org\hamcrest\hamcrest-library\1.3\hamcrest-library-1.3.jar;D:\apache-maven-3.6.0\maven_dependcies\org\skyscreamer\jsonassert\1.5.0\jsonassert-1.5.0.jar;D:\apache-maven-3.6.0\maven_dependcies\com\vaadin\external\google\android-json\0.0.20131108.vaadin1\android-json-0.0.20131108.vaadin1.jar;D:\apache-maven-3.6.0\maven_dependcies\org\springframework\spring-core\5.0.5.RELEASE\spring-core-5.0.5.RELEASE.jar;D:\apache-maven-3.6.0\maven_dependcies\org\springframework\spring-jcl\5.0.5.RELEASE\spring-jcl-5.0.5.RELEASE.jar;D:\apache-maven-3.6.0\maven_dependcies\org\springframework\spring-test\5.0.5.RELEASE\spring-test-5.0.5.RELEASE.jar;D:\apache-maven-3.6.0\maven_dependcies\org\xmlunit\xmlunit-core\2.5.1\xmlunit-core-2.5.1.jar;"/>
    <property name="sun.cpu.endian" value="little"/>
    <property name="user.home" value="C:\Users\lenovo"/>
    <property name="user.language" value="zh"/>
    <property name="java.specification.vendor" value="Oracle Corporation"/>
    <property name="java.home" value="C:\Program Files\Java\jdk1.8.0_191\jre"/>
    <property name="basedir" value="D:\IntelliJ IDEA 2018.3.2\IdeaProjects\tensquare_parent\tensquare_manager"/>
    <property name="file.separator" value="\"/>
    <property name="line.separator" value="&#10;"/>
    <property name="java.vm.specification.vendor" value="Oracle Corporation"/>
    <property name="java.specification.name" value="Java Platform API Specification"/>
    <property name="java.awt.graphicsenv" value="sun.awt.Win32GraphicsEnvironment"/>
    <property name="surefire.real.class.path" value="C:\Users\lenovo\AppData\Local\Temp\surefire9077734251493546806\surefirebooter8501557580914607682.jar"/>
    <property name="sun.boot.class.path" value="C:\Program Files\Java\jdk1.8.0_191\jre\lib\resources.jar;C:\Program Files\Java\jdk1.8.0_191\jre\lib\rt.jar;C:\Program Files\Java\jdk1.8.0_191\jre\lib\sunrsasign.jar;C:\Program Files\Java\jdk1.8.0_191\jre\lib\jsse.jar;C:\Program Files\Java\jdk1.8.0_191\jre\lib\jce.jar;C:\Program Files\Java\jdk1.8.0_191\jre\lib\charsets.jar;C:\Program Files\Java\jdk1.8.0_191\jre\lib\jfr.jar;C:\Program Files\Java\jdk1.8.0_191\jre\classes"/>
    <property name="user.script" value=""/>
    <property name="sun.management.compiler" value="HotSpot 64-Bit Tiered Compilers"/>
    <property name="java.runtime.version" value="1.8.0_191-b12"/>
    <property name="user.name" value="lenovo"/>
    <property name="path.separator" value=";"/>
    <property name="os.version" value="10.0"/>
    <property name="java.endorsed.dirs" value="C:\Program Files\Java\jdk1.8.0_191\jre\lib\endorsed"/>
    <property name="java.runtime.name" value="Java(TM) SE Runtime Environment"/>
    <property name="file.encoding" value="GBK"/>
    <property name="java.vm.name" value="Java HotSpot(TM) 64-Bit Server VM"/>
    <property name="localRepository" value="D:\apache-maven-3.6.0\maven_dependcies"/>
    <property name="java.vendor.url.bug" value="http://bugreport.sun.com/bugreport/"/>
    <property name="java.io.tmpdir" value="C:\Users\lenovo\AppData\Local\Temp\"/>
    <property name="idea.version" value="2018.3.2"/>
    <property name="java.version" value="1.8.0_191"/>
    <property name="user.dir" value="D:\IntelliJ IDEA 2018.3.2\IdeaProjects\tensquare_parent\tensquare_manager"/>
    <property name="os.arch" value="amd64"/>
    <property name="java.vm.specification.name" value="Java Virtual Machine Specification"/>
    <property name="java.awt.printerjob" value="sun.awt.windows.WPrinterJob"/>
    <property name="sun.os.patch.level" value=""/>
    <property name="java.library.path" value="C:\Program Files\Java\jdk1.8.0_191\jre\bin;C:\WINDOWS\Sun\Java\bin;C:\WINDOWS\system32;C:\WINDOWS;E:\xShell\;C:\Program Files (x86)\Common Files\Oracle\Java\javapath;C:\Program Files (x86)\Intel\Intel(R) Management Engine Components\iCLS\;C:\Program Files\Intel\Intel(R) Management Engine Components\iCLS\;C:\WINDOWS\system32;C:\WINDOWS;C:\WINDOWS\System32\Wbem;C:\WINDOWS\System32\WindowsPowerShell\v1.0\;C:\WINDOWS\System32\OpenSSH\;C:\Program Files (x86)\Intel\Intel(R) Management Engine Components\DAL;C:\Program Files\Intel\Intel(R) Management Engine Components\DAL;C:\Program Files (x86)\Intel\Intel(R) Management Engine Components\IPT;C:\Program Files\Intel\Intel(R) Management Engine Components\IPT;C:\Program Files\Java\jdk1.8.0_191\bin;D:\apache-maven-3.6.0\bin;D:\svn\bin;D:\mongodb\bin;E:\BaiduNetdiskDownload\tensquare\node.js\;C:\Android;C:\Windows\System32;D:\IntelliJ IDEA 2018.3.2\Git\cmd;C:\Users\lenovo\AppData\Local\Microsoft\WindowsApps;C:\Users\lenovo\AppData\Roaming\npm;."/>
    <property name="java.vm.info" value="mixed mode"/>
    <property name="java.vendor" value="Oracle Corporation"/>
    <property name="java.vm.version" value="25.191-b12"/>
    <property name="java.ext.dirs" value="C:\Program Files\Java\jdk1.8.0_191\jre\lib\ext;C:\WINDOWS\Sun\Java\lib\ext"/>
    <property name="sun.io.unicode.encoding" value="UnicodeLittle"/>
    <property name="java.class.version" value="52.0"/>
  </properties>
  <testcase name="test" classname="jwttext.JwtTest" time="3.373">
    <error message="JWT expired at 2019-03-11T17:14:22+0800. Current time: 2019-03-13T15:32:43+0800" type="io.jsonwebtoken.ExpiredJwtException">io.jsonwebtoken.ExpiredJwtException: JWT expired at 2019-03-11T17:14:22+0800. Current time: 2019-03-13T15:32:43+0800
	at jwttext.JwtTest.test(JwtTest.java:15)
</error>
  </testcase>
</testsuite>